host: gricad-nh
Building DAG of jobs...
Using shell: /usr/bin/bash
Provided cores: 4
Rules claiming more threads will be scaled down.
Job stats:
job               count
--------------  -------
all                   1
gen_data              2
pre_processing        2
total                 5

Select jobs to execute...
Execute 4 jobs...

[Tue Feb 11 17:20:43 2025]
Job 4: -- Processing Pre processing Block -- 
Reason: Missing output files: output/pre-processing/ref_normalize.R.gz


mkdir -p output/pre-processing/
echo  data/ref.rds output/pre-processing/ref_normalize.R.gz
touch output/pre-processing/ref_normalize.R.gz


[Tue Feb 11 17:20:43 2025]
Job 3: -- Processing Pre processing Block -- 
Reason: Missing output files: output/pre-processing/test_dataset_normalize.R.gz


mkdir -p output/pre-processing/
echo  data/test_dataset.rds output/pre-processing/test_dataset_normalize.R.gz
touch output/pre-processing/test_dataset_normalize.R.gz


[Tue Feb 11 17:20:43 2025]
Job 2: -- generation of datas -- 
Reason: Missing output files: data/ref.gz


python 01_data_TODO.py data/ref.rds data/ref.gz


[Tue Feb 11 17:20:43 2025]
Job 1: -- generation of datas -- 
Reason: Missing output files: data/test_dataset.gz


python 01_data_TODO.py data/test_dataset.rds data/test_dataset.gz

[Tue Feb 11 17:20:43 2025]
Finished job 4.
1 of 5 steps (20%) done
[Tue Feb 11 17:20:43 2025]
Finished job 3.
2 of 5 steps (40%) done
[Tue Feb 11 17:20:43 2025]
Finished job 2.
3 of 5 steps (60%) done
[Tue Feb 11 17:20:43 2025]
Finished job 1.
4 of 5 steps (80%) done
Select jobs to execute...
Execute 1 jobs...

[Tue Feb 11 17:20:43 2025]
localrule all:
    input: data/test_dataset.gz, data/ref.gz, output/pre-processing/test_dataset_normalize.R.gz, output/pre-processing/ref_normalize.R.gz
    jobid: 0
    reason: Input files updated by another job: data/ref.gz, data/test_dataset.gz, output/pre-processing/ref_normalize.R.gz, output/pre-processing/test_dataset_normalize.R.gz
    resources: tmpdir=/tmp

[Tue Feb 11 17:20:43 2025]
Finished job 0.
5 of 5 steps (100%) done
Complete log: .snakemake/log/2025-02-11T172043.435229.snakemake.log
