host: gricad-nh
Building DAG of jobs...
Using shell: /usr/bin/bash
Provided cores: 4
Rules claiming more threads will be scaled down.
Job stats:
job               count
--------------  -------
all                   1
pre_processing        1
total                 2

Select jobs to execute...
Execute 1 jobs...

[Wed Feb 12 17:19:10 2025]
Job 1: -- Processing Pre processing Block -- 
Reason: Missing output files: output/pre-processing/mixes_test_dataset_normalize.gz


mkdir -p output/pre-processing/
RCODE="mixes_file='data/mixes_test_dataset.rds'; reference_file='data/reference_pdac.rds';   output_file='output/pre-processing/mixes_test_dataset_normalize.gz'; script_file='pre-processing/normalize.R';  source('02_Pre_process.R');"
echo $RCODE | Rscript -


[Wed Feb 12 17:19:11 2025]
Error in rule pre_processing:
    jobid: 1
    input: data/mixes_test_dataset.rds, data/reference_pdac.rds
    output: output/pre-processing/mixes_test_dataset_normalize.gz
    shell:
        
mkdir -p output/pre-processing/
RCODE="mixes_file='data/mixes_test_dataset.rds'; reference_file='data/reference_pdac.rds';   output_file='output/pre-processing/mixes_test_dataset_normalize.gz'; script_file='pre-processing/normalize.R';  source('02_Pre_process.R');"
echo $RCODE | Rscript -


        (one of the commands exited with non-zero exit code; note that snakemake uses bash strict mode!)

Shutting down, this might take some time.
Exiting because a job execution failed. Look above for error message
Complete log: .snakemake/log/2025-02-12T171910.341646.snakemake.log
WorkflowError:
At least one job did not complete successfully.
