host: gricad-nh
Building DAG of jobs...
Using shell: /usr/bin/bash
Provided cores: 4
Rules claiming more threads will be scaled down.
Job stats:
job         count
--------  -------
all             1
gen_data        1
total           2

Select jobs to execute...
Execute 1 jobs...

[Tue Feb 11 16:31:11 2025]
Job 1: -- generation of datas -- 
Reason: Missing output files: data/test_dataset.gz


python 01_data_TODO.py data/test_dataset.rds data/test_dataset.gz'

[Tue Feb 11 16:31:11 2025]
Error in rule gen_data:
    jobid: 1
    input: data/test_dataset.rds
    output: data/test_dataset.gz
    shell:
        
python 01_data_TODO.py data/test_dataset.rds data/test_dataset.gz'

        (one of the commands exited with non-zero exit code; note that snakemake uses bash strict mode!)

Shutting down, this might take some time.
Exiting because a job execution failed. Look above for error message
Complete log: .snakemake/log/2025-02-11T163111.763737.snakemake.log
WorkflowError:
At least one job did not complete successfully.
