host: gricad-nh
Building DAG of jobs...
Using shell: /usr/bin/bash
Provided cores: 4
Rules claiming more threads will be scaled down.
Job stats:
job                   count
------------------  -------
all                       1
features_selection        1
total                     2

Select jobs to execute...
Execute 1 jobs...

[Wed Feb 12 17:47:28 2025]
Job 2: -- Processing features selections Block -- 
Reason: Missing output files: output/feature_selection/mixes_test_dataset_normalize_fs.rds


mkdir -p output/features_selection/
RCODE="input_file='output/pre-processing/mixes_test_dataset_normalize.rds';   output_file='output/feature_selection/mixes_test_dataset_normalize_fs.rds'; script_file='feature_selection/fs.R';  source('middle_man.R');"
echo $RCODE | Rscript -

[Wed Feb 12 17:47:42 2025]
Finished job 2.
1 of 2 steps (50%) done
Select jobs to execute...
Execute 1 jobs...

[Wed Feb 12 17:47:42 2025]
localrule all:
    input: data/mixes_test_dataset.rds, output/pre-processing/mixes_test_dataset_normalize.rds, output/feature_selection/mixes_test_dataset_normalize_fs.rds
    jobid: 0
    reason: Input files updated by another job: output/feature_selection/mixes_test_dataset_normalize_fs.rds
    resources: tmpdir=/tmp

[Wed Feb 12 17:47:42 2025]
Finished job 0.
2 of 2 steps (100%) done
Complete log: .snakemake/log/2025-02-12T174728.760193.snakemake.log
