host: gricad-nh
Building DAG of jobs...
Using shell: /usr/bin/bash
Provided cores: 4
Rules claiming more threads will be scaled down.
Job stats:
job               count
--------------  -------
all                   1
pre_processing        1
total                 2

Select jobs to execute...
Execute 1 jobs...

[Wed Feb 12 17:40:18 2025]
Job 1: -- Processing Pre processing Block -- 
Reason: Missing output files: output/pre-processing/mixes_test_dataset_normalize.rds


mkdir -p output/pre-processing/
RCODE="mixes_file='data/mixes_test_dataset.rds'; reference_file='data/reference_pdac.rds';   output_file='output/pre-processing/mixes_test_dataset_normalize.rds'; script_file='pre-processing/normalize.R';  source('02_Pre_process.R');"
echo $RCODE | Rscript -


[Wed Feb 12 17:40:32 2025]
Finished job 1.
1 of 2 steps (50%) done
Select jobs to execute...
Execute 1 jobs...

[Wed Feb 12 17:40:32 2025]
localrule all:
    input: data/mixes_test_dataset.rds, output/pre-processing/mixes_test_dataset_normalize.rds
    jobid: 0
    reason: Input files updated by another job: output/pre-processing/mixes_test_dataset_normalize.rds
    resources: tmpdir=/tmp

[Wed Feb 12 17:40:32 2025]
Finished job 0.
2 of 2 steps (100%) done
Complete log: .snakemake/log/2025-02-12T174018.680311.snakemake.log
