host: gricad-nh
Building DAG of jobs...
Using shell: /usr/bin/bash
Provided cores: 4
Rules claiming more threads will be scaled down.
Job stats:
job                              count
-----------------------------  -------
all                                  1
features_selection                   2
late_integration                     8
prediction_split_decovolution        8
total                               19

Select jobs to execute...
Execute 2 jobs...

[Wed Feb 12 15:01:15 2025]
Job 4: -- Processing features selections Block -- 
Reason: Missing output files: output/feature_selection/reference_pdac_normalize_fs.gz; Code has changed since last execution


mkdir -p output/features_selection/
echo  output/pre-processing/reference_pdac_normalize.gz output/feature_selection/reference_pdac_normalize_fs.gz R
touch output/feature_selection/reference_pdac_normalize_fs.gz


[Wed Feb 12 15:01:15 2025]
Job 3: -- Processing features selections Block -- 
Reason: Missing output files: output/feature_selection/mixes_test_dataset_normalize_fs.gz; Code has changed since last execution


mkdir -p output/features_selection/
echo  output/pre-processing/mixes_test_dataset_normalize.gz output/feature_selection/mixes_test_dataset_normalize_fs.gz R
touch output/feature_selection/mixes_test_dataset_normalize_fs.gz

[Wed Feb 12 15:01:15 2025]
Finished job 4.
1 of 19 steps (5%) done
Select jobs to execute...
Execute 3 jobs...

[Wed Feb 12 15:01:15 2025]
Job 12: -- Processing splitted decovolution Block, Pipeline A -- 
Reason: Missing output files: output/split_decovolution/reference_pdac_normalize_fs_split_rna-lm_met-lm.gz; Input files updated by another job: output/feature_selection/reference_pdac_normalize_fs.gz


mkdir -p output/split_decovolution/
echo  output/feature_selection/reference_pdac_normalize_fs.gz output/split_decovolution/reference_pdac_normalize_fs_split_rna-lm_met-lm.gz
touch output/split_decovolution/reference_pdac_normalize_fs_split_rna-lm_met-lm.gz


[Wed Feb 12 15:01:15 2025]
Job 11: -- Processing splitted decovolution Block, Pipeline A -- 
Reason: Missing output files: output/split_decovolution/reference_pdac_normalize_fs_split_rna-lm_met-nnls.gz; Input files updated by another job: output/feature_selection/reference_pdac_normalize_fs.gz


mkdir -p output/split_decovolution/
echo  output/feature_selection/reference_pdac_normalize_fs.gz output/split_decovolution/reference_pdac_normalize_fs_split_rna-lm_met-nnls.gz
touch output/split_decovolution/reference_pdac_normalize_fs_split_rna-lm_met-nnls.gz


[Wed Feb 12 15:01:15 2025]
Job 10: -- Processing splitted decovolution Block, Pipeline A -- 
Reason: Missing output files: output/split_decovolution/reference_pdac_normalize_fs_split_rna-nnls_met-lm.gz; Input files updated by another job: output/feature_selection/reference_pdac_normalize_fs.gz


mkdir -p output/split_decovolution/
echo  output/feature_selection/reference_pdac_normalize_fs.gz output/split_decovolution/reference_pdac_normalize_fs_split_rna-nnls_met-lm.gz
touch output/split_decovolution/reference_pdac_normalize_fs_split_rna-nnls_met-lm.gz

[Wed Feb 12 15:01:15 2025]
Finished job 3.
2 of 19 steps (11%) done
Select jobs to execute...
Execute 1 jobs...

[Wed Feb 12 15:01:15 2025]
Job 7: -- Processing splitted decovolution Block, Pipeline A -- 
Reason: Missing output files: output/split_decovolution/mixes_test_dataset_normalize_fs_split_rna-lm_met-nnls.gz; Input files updated by another job: output/feature_selection/mixes_test_dataset_normalize_fs.gz


mkdir -p output/split_decovolution/
echo  output/feature_selection/mixes_test_dataset_normalize_fs.gz output/split_decovolution/mixes_test_dataset_normalize_fs_split_rna-lm_met-nnls.gz
touch output/split_decovolution/mixes_test_dataset_normalize_fs_split_rna-lm_met-nnls.gz

[Wed Feb 12 15:01:15 2025]
Finished job 12.
3 of 19 steps (16%) done
[Wed Feb 12 15:01:15 2025]
Finished job 11.
4 of 19 steps (21%) done
[Wed Feb 12 15:01:15 2025]
Finished job 10.
5 of 19 steps (26%) done
Select jobs to execute...
Execute 3 jobs...

[Wed Feb 12 15:01:15 2025]
Job 20: -- Processing splitted decovolution late ingration Block, Pipeline A -- 
Reason: Missing output files: output/prediction/reference_pdac_normalize_fs_split_rna-lm_met-lm_avg.gz; Input files updated by another job: output/split_decovolution/reference_pdac_normalize_fs_split_rna-lm_met-lm.gz


mkdir -p output/prediction/
echo  output/split_decovolution/reference_pdac_normalize_fs_split_rna-lm_met-lm.gz output/prediction/reference_pdac_normalize_fs_split_rna-lm_met-lm_avg.gz
touch output/prediction/reference_pdac_normalize_fs_split_rna-lm_met-lm_avg.gz


[Wed Feb 12 15:01:15 2025]
Job 6: -- Processing splitted decovolution Block, Pipeline A -- 
Reason: Missing output files: output/split_decovolution/mixes_test_dataset_normalize_fs_split_rna-nnls_met-lm.gz; Input files updated by another job: output/feature_selection/mixes_test_dataset_normalize_fs.gz


mkdir -p output/split_decovolution/
echo  output/feature_selection/mixes_test_dataset_normalize_fs.gz output/split_decovolution/mixes_test_dataset_normalize_fs_split_rna-nnls_met-lm.gz
touch output/split_decovolution/mixes_test_dataset_normalize_fs_split_rna-nnls_met-lm.gz


[Wed Feb 12 15:01:15 2025]
Job 18: -- Processing splitted decovolution late ingration Block, Pipeline A -- 
Reason: Missing output files: output/prediction/reference_pdac_normalize_fs_split_rna-nnls_met-lm_avg.gz; Input files updated by another job: output/split_decovolution/reference_pdac_normalize_fs_split_rna-nnls_met-lm.gz


mkdir -p output/prediction/
echo  output/split_decovolution/reference_pdac_normalize_fs_split_rna-nnls_met-lm.gz output/prediction/reference_pdac_normalize_fs_split_rna-nnls_met-lm_avg.gz
touch output/prediction/reference_pdac_normalize_fs_split_rna-nnls_met-lm_avg.gz

[Wed Feb 12 15:01:15 2025]
Finished job 7.
6 of 19 steps (32%) done
Select jobs to execute...
Execute 1 jobs...

[Wed Feb 12 15:01:15 2025]
Job 19: -- Processing splitted decovolution late ingration Block, Pipeline A -- 
Reason: Missing output files: output/prediction/reference_pdac_normalize_fs_split_rna-lm_met-nnls_avg.gz; Input files updated by another job: output/split_decovolution/reference_pdac_normalize_fs_split_rna-lm_met-nnls.gz


mkdir -p output/prediction/
echo  output/split_decovolution/reference_pdac_normalize_fs_split_rna-lm_met-nnls.gz output/prediction/reference_pdac_normalize_fs_split_rna-lm_met-nnls_avg.gz
touch output/prediction/reference_pdac_normalize_fs_split_rna-lm_met-nnls_avg.gz

[Wed Feb 12 15:01:15 2025]
Finished job 20.
7 of 19 steps (37%) done
[Wed Feb 12 15:01:15 2025]
Finished job 6.
8 of 19 steps (42%) done
[Wed Feb 12 15:01:15 2025]
Finished job 18.
9 of 19 steps (47%) done
Select jobs to execute...
Execute 3 jobs...

[Wed Feb 12 15:01:15 2025]
Job 15: -- Processing splitted decovolution late ingration Block, Pipeline A -- 
Reason: Missing output files: output/prediction/mixes_test_dataset_normalize_fs_split_rna-lm_met-nnls_avg.gz; Input files updated by another job: output/split_decovolution/mixes_test_dataset_normalize_fs_split_rna-lm_met-nnls.gz


mkdir -p output/prediction/
echo  output/split_decovolution/mixes_test_dataset_normalize_fs_split_rna-lm_met-nnls.gz output/prediction/mixes_test_dataset_normalize_fs_split_rna-lm_met-nnls_avg.gz
touch output/prediction/mixes_test_dataset_normalize_fs_split_rna-lm_met-nnls_avg.gz


[Wed Feb 12 15:01:15 2025]
Job 9: -- Processing splitted decovolution Block, Pipeline A -- 
Reason: Missing output files: output/split_decovolution/reference_pdac_normalize_fs_split_rna-nnls_met-nnls.gz; Input files updated by another job: output/feature_selection/reference_pdac_normalize_fs.gz


mkdir -p output/split_decovolution/
echo  output/feature_selection/reference_pdac_normalize_fs.gz output/split_decovolution/reference_pdac_normalize_fs_split_rna-nnls_met-nnls.gz
touch output/split_decovolution/reference_pdac_normalize_fs_split_rna-nnls_met-nnls.gz


[Wed Feb 12 15:01:15 2025]
Job 14: -- Processing splitted decovolution late ingration Block, Pipeline A -- 
Reason: Missing output files: output/prediction/mixes_test_dataset_normalize_fs_split_rna-nnls_met-lm_avg.gz; Input files updated by another job: output/split_decovolution/mixes_test_dataset_normalize_fs_split_rna-nnls_met-lm.gz


mkdir -p output/prediction/
echo  output/split_decovolution/mixes_test_dataset_normalize_fs_split_rna-nnls_met-lm.gz output/prediction/mixes_test_dataset_normalize_fs_split_rna-nnls_met-lm_avg.gz
touch output/prediction/mixes_test_dataset_normalize_fs_split_rna-nnls_met-lm_avg.gz

[Wed Feb 12 15:01:15 2025]
Finished job 19.
10 of 19 steps (53%) done
Select jobs to execute...
Execute 1 jobs...

[Wed Feb 12 15:01:15 2025]
Job 5: -- Processing splitted decovolution Block, Pipeline A -- 
Reason: Missing output files: output/split_decovolution/mixes_test_dataset_normalize_fs_split_rna-nnls_met-nnls.gz; Input files updated by another job: output/feature_selection/mixes_test_dataset_normalize_fs.gz


mkdir -p output/split_decovolution/
echo  output/feature_selection/mixes_test_dataset_normalize_fs.gz output/split_decovolution/mixes_test_dataset_normalize_fs_split_rna-nnls_met-nnls.gz
touch output/split_decovolution/mixes_test_dataset_normalize_fs_split_rna-nnls_met-nnls.gz

[Wed Feb 12 15:01:15 2025]
Finished job 15.
11 of 19 steps (58%) done
[Wed Feb 12 15:01:15 2025]
Finished job 9.
12 of 19 steps (63%) done
[Wed Feb 12 15:01:15 2025]
Finished job 14.
13 of 19 steps (68%) done
Select jobs to execute...
Execute 2 jobs...

[Wed Feb 12 15:01:15 2025]
Job 17: -- Processing splitted decovolution late ingration Block, Pipeline A -- 
Reason: Missing output files: output/prediction/reference_pdac_normalize_fs_split_rna-nnls_met-nnls_avg.gz; Input files updated by another job: output/split_decovolution/reference_pdac_normalize_fs_split_rna-nnls_met-nnls.gz


mkdir -p output/prediction/
echo  output/split_decovolution/reference_pdac_normalize_fs_split_rna-nnls_met-nnls.gz output/prediction/reference_pdac_normalize_fs_split_rna-nnls_met-nnls_avg.gz
touch output/prediction/reference_pdac_normalize_fs_split_rna-nnls_met-nnls_avg.gz


[Wed Feb 12 15:01:15 2025]
Job 8: -- Processing splitted decovolution Block, Pipeline A -- 
Reason: Missing output files: output/split_decovolution/mixes_test_dataset_normalize_fs_split_rna-lm_met-lm.gz; Input files updated by another job: output/feature_selection/mixes_test_dataset_normalize_fs.gz


mkdir -p output/split_decovolution/
echo  output/feature_selection/mixes_test_dataset_normalize_fs.gz output/split_decovolution/mixes_test_dataset_normalize_fs_split_rna-lm_met-lm.gz
touch output/split_decovolution/mixes_test_dataset_normalize_fs_split_rna-lm_met-lm.gz

[Wed Feb 12 15:01:15 2025]
Finished job 5.
14 of 19 steps (74%) done
Select jobs to execute...
Execute 1 jobs...

[Wed Feb 12 15:01:15 2025]
Job 13: -- Processing splitted decovolution late ingration Block, Pipeline A -- 
Reason: Missing output files: output/prediction/mixes_test_dataset_normalize_fs_split_rna-nnls_met-nnls_avg.gz; Input files updated by another job: output/split_decovolution/mixes_test_dataset_normalize_fs_split_rna-nnls_met-nnls.gz


mkdir -p output/prediction/
echo  output/split_decovolution/mixes_test_dataset_normalize_fs_split_rna-nnls_met-nnls.gz output/prediction/mixes_test_dataset_normalize_fs_split_rna-nnls_met-nnls_avg.gz
touch output/prediction/mixes_test_dataset_normalize_fs_split_rna-nnls_met-nnls_avg.gz

[Wed Feb 12 15:01:15 2025]
Finished job 17.
15 of 19 steps (79%) done
[Wed Feb 12 15:01:15 2025]
Finished job 8.
16 of 19 steps (84%) done
Select jobs to execute...
Execute 1 jobs...

[Wed Feb 12 15:01:15 2025]
Job 16: -- Processing splitted decovolution late ingration Block, Pipeline A -- 
Reason: Missing output files: output/prediction/mixes_test_dataset_normalize_fs_split_rna-lm_met-lm_avg.gz; Input files updated by another job: output/split_decovolution/mixes_test_dataset_normalize_fs_split_rna-lm_met-lm.gz


mkdir -p output/prediction/
echo  output/split_decovolution/mixes_test_dataset_normalize_fs_split_rna-lm_met-lm.gz output/prediction/mixes_test_dataset_normalize_fs_split_rna-lm_met-lm_avg.gz
touch output/prediction/mixes_test_dataset_normalize_fs_split_rna-lm_met-lm_avg.gz

[Wed Feb 12 15:01:15 2025]
Finished job 13.
17 of 19 steps (89%) done
[Wed Feb 12 15:01:15 2025]
Finished job 16.
18 of 19 steps (95%) done
Select jobs to execute...
Execute 1 jobs...

[Wed Feb 12 15:01:15 2025]
localrule all:
    input: data/mixes_test_dataset.rds, data/reference_pdac.rds, output/pre-processing/mixes_test_dataset_normalize.gz, output/pre-processing/reference_pdac_normalize.gz, output/feature_selection/mixes_test_dataset_normalize_fs.gz, output/feature_selection/reference_pdac_normalize_fs.gz, output/split_decovolution/mixes_test_dataset_normalize_fs_split_rna-nnls_met-nnls.gz, output/split_decovolution/mixes_test_dataset_normalize_fs_split_rna-nnls_met-lm.gz, output/split_decovolution/mixes_test_dataset_normalize_fs_split_rna-lm_met-nnls.gz, output/split_decovolution/mixes_test_dataset_normalize_fs_split_rna-lm_met-lm.gz, output/split_decovolution/reference_pdac_normalize_fs_split_rna-nnls_met-nnls.gz, output/split_decovolution/reference_pdac_normalize_fs_split_rna-nnls_met-lm.gz, output/split_decovolution/reference_pdac_normalize_fs_split_rna-lm_met-nnls.gz, output/split_decovolution/reference_pdac_normalize_fs_split_rna-lm_met-lm.gz, output/prediction/mixes_test_dataset_normalize_fs_split_rna-nnls_met-nnls_avg.gz, output/prediction/mixes_test_dataset_normalize_fs_split_rna-nnls_met-lm_avg.gz, output/prediction/mixes_test_dataset_normalize_fs_split_rna-lm_met-nnls_avg.gz, output/prediction/mixes_test_dataset_normalize_fs_split_rna-lm_met-lm_avg.gz, output/prediction/reference_pdac_normalize_fs_split_rna-nnls_met-nnls_avg.gz, output/prediction/reference_pdac_normalize_fs_split_rna-nnls_met-lm_avg.gz, output/prediction/reference_pdac_normalize_fs_split_rna-lm_met-nnls_avg.gz, output/prediction/reference_pdac_normalize_fs_split_rna-lm_met-lm_avg.gz
    jobid: 0
    reason: Input files updated by another job: output/split_decovolution/mixes_test_dataset_normalize_fs_split_rna-nnls_met-nnls.gz, output/split_decovolution/mixes_test_dataset_normalize_fs_split_rna-lm_met-lm.gz, output/prediction/reference_pdac_normalize_fs_split_rna-nnls_met-nnls_avg.gz, output/prediction/mixes_test_dataset_normalize_fs_split_rna-nnls_met-lm_avg.gz, output/prediction/mixes_test_dataset_normalize_fs_split_rna-lm_met-lm_avg.gz, output/split_decovolution/reference_pdac_normalize_fs_split_rna-lm_met-nnls.gz, output/split_decovolution/mixes_test_dataset_normalize_fs_split_rna-nnls_met-lm.gz, output/prediction/reference_pdac_normalize_fs_split_rna-nnls_met-lm_avg.gz, output/prediction/reference_pdac_normalize_fs_split_rna-lm_met-nnls_avg.gz, output/feature_selection/mixes_test_dataset_normalize_fs.gz, output/split_decovolution/mixes_test_dataset_normalize_fs_split_rna-lm_met-nnls.gz, output/split_decovolution/reference_pdac_normalize_fs_split_rna-nnls_met-nnls.gz, output/prediction/mixes_test_dataset_normalize_fs_split_rna-nnls_met-nnls_avg.gz, output/feature_selection/reference_pdac_normalize_fs.gz, output/prediction/mixes_test_dataset_normalize_fs_split_rna-lm_met-nnls_avg.gz, output/split_decovolution/reference_pdac_normalize_fs_split_rna-lm_met-lm.gz, output/prediction/reference_pdac_normalize_fs_split_rna-lm_met-lm_avg.gz, output/split_decovolution/reference_pdac_normalize_fs_split_rna-nnls_met-lm.gz
    resources: tmpdir=/tmp

[Wed Feb 12 15:01:15 2025]
Finished job 0.
19 of 19 steps (100%) done
Complete log: .snakemake/log/2025-02-12T150115.233011.snakemake.log
