host: gricad-nh
Building DAG of jobs...
Using shell: /usr/bin/bash
Provided cores: 4
Rules claiming more threads will be scaled down.
Job stats:
job                              count
-----------------------------  -------
all                                  1
late_integration                     4
prediction_split_decovolution        4
total                                9

Select jobs to execute...
Execute 4 jobs...

[Wed Feb 12 18:04:42 2025]
Job 3: -- Processing splitted decovolution Block, Pipeline A -- 
Reason: Missing output files: output/split_decovolution/mixes_test_dataset_normalize_fs_split_rna-nnls_met-nnls.rds


mkdir -p output/split_decovolution/
echo decovolution/nnls.R decovolution/nnls.R decovolution/nnls.R
RCODE="input_file='output/feature_selection/mixes_test_dataset_normalize_fs.rds';   output_file='output/split_decovolution/mixes_test_dataset_normalize_fs_split_rna-nnls_met-nnls.rds'; script_file='decovolution/nnls.R decovolution/nnls.R decovolution/nnls.R';  source('pipeline_A.R');"
echo $RCODE | Rscript -


[Wed Feb 12 18:04:42 2025]
Job 6: -- Processing splitted decovolution Block, Pipeline A -- 
Reason: Missing output files: output/split_decovolution/mixes_test_dataset_normalize_fs_split_rna-lm_met-lm.rds


mkdir -p output/split_decovolution/
echo decovolution/lm.R decovolution/lm.R decovolution/lm.R
RCODE="input_file='output/feature_selection/mixes_test_dataset_normalize_fs.rds';   output_file='output/split_decovolution/mixes_test_dataset_normalize_fs_split_rna-lm_met-lm.rds'; script_file='decovolution/lm.R decovolution/lm.R decovolution/lm.R';  source('pipeline_A.R');"
echo $RCODE | Rscript -


[Wed Feb 12 18:04:42 2025]
Job 5: -- Processing splitted decovolution Block, Pipeline A -- 
Reason: Missing output files: output/split_decovolution/mixes_test_dataset_normalize_fs_split_rna-lm_met-nnls.rds


mkdir -p output/split_decovolution/
echo decovolution/lm.R decovolution/nnls.R decovolution/lm.R
RCODE="input_file='output/feature_selection/mixes_test_dataset_normalize_fs.rds';   output_file='output/split_decovolution/mixes_test_dataset_normalize_fs_split_rna-lm_met-nnls.rds'; script_file='decovolution/lm.R decovolution/nnls.R decovolution/lm.R';  source('pipeline_A.R');"
echo $RCODE | Rscript -


[Wed Feb 12 18:04:42 2025]
Job 4: -- Processing splitted decovolution Block, Pipeline A -- 
Reason: Missing output files: output/split_decovolution/mixes_test_dataset_normalize_fs_split_rna-nnls_met-lm.rds


mkdir -p output/split_decovolution/
echo decovolution/nnls.R decovolution/lm.R decovolution/nnls.R
RCODE="input_file='output/feature_selection/mixes_test_dataset_normalize_fs.rds';   output_file='output/split_decovolution/mixes_test_dataset_normalize_fs_split_rna-nnls_met-lm.rds'; script_file='decovolution/nnls.R decovolution/lm.R decovolution/nnls.R';  source('pipeline_A.R');"
echo $RCODE | Rscript -

Waiting at most 5 seconds for missing files.
MissingOutputException in rule prediction_split_decovolution in file /home/nicolashomberg/projects/hadaca3_framework/00_run_pipeline.py, line 92:
Job 5  completed successfully, but some output files are missing. Missing files after 5 seconds. This might be due to filesystem latency. If that is the case, consider to increase the wait time with --latency-wait:
output/split_decovolution/mixes_test_dataset_normalize_fs_split_rna-lm_met-nnls.rds (missing locally, parent dir contents: )
Waiting at most 5 seconds for missing files.
MissingOutputException in rule prediction_split_decovolution in file /home/nicolashomberg/projects/hadaca3_framework/00_run_pipeline.py, line 92:
Job 6  completed successfully, but some output files are missing. Missing files after 5 seconds. This might be due to filesystem latency. If that is the case, consider to increase the wait time with --latency-wait:
output/split_decovolution/mixes_test_dataset_normalize_fs_split_rna-lm_met-lm.rds (missing locally, parent dir contents: )
Waiting at most 5 seconds for missing files.
MissingOutputException in rule prediction_split_decovolution in file /home/nicolashomberg/projects/hadaca3_framework/00_run_pipeline.py, line 92:
Job 3  completed successfully, but some output files are missing. Missing files after 5 seconds. This might be due to filesystem latency. If that is the case, consider to increase the wait time with --latency-wait:
output/split_decovolution/mixes_test_dataset_normalize_fs_split_rna-nnls_met-nnls.rds (missing locally, parent dir contents: )
Waiting at most 5 seconds for missing files.
MissingOutputException in rule prediction_split_decovolution in file /home/nicolashomberg/projects/hadaca3_framework/00_run_pipeline.py, line 92:
Job 4  completed successfully, but some output files are missing. Missing files after 5 seconds. This might be due to filesystem latency. If that is the case, consider to increase the wait time with --latency-wait:
output/split_decovolution/mixes_test_dataset_normalize_fs_split_rna-nnls_met-lm.rds (missing locally, parent dir contents: )
Terminating processes on user request, this might take some time.
Complete log: .snakemake/log/2025-02-12T180442.200391.snakemake.log
WorkflowError:
At least one job did not complete successfully.
