host: gricad-nh
Building DAG of jobs...
Using shell: /usr/bin/bash
Provided cores: 4
Rules claiming more threads will be scaled down.
Job stats:
job                              count
-----------------------------  -------
all                                  1
features_selection                   2
late_integration                     8
pre_processing                       2
prediction_split_decovolution        8
total                               21

Select jobs to execute...
Execute 2 jobs...

[Wed Feb 12 16:50:55 2025]
Job 2: -- Processing Pre processing Block -- 
Reason: Set of input files has changed since last execution; Params have changed since last execution: Union of exclusive params before and now across all output: before: <nothing exclusive> now: 'pre-processing/normalize.R' 


mkdir -p output/pre-processing/
echo  data/reference_pdac.rds data/reference_pdac.rds output/pre-processing/reference_pdac_normalize.gz
touch output/pre-processing/reference_pdac_normalize.gz


[Wed Feb 12 16:50:55 2025]
Job 1: -- Processing Pre processing Block -- 
Reason: Set of input files has changed since last execution; Params have changed since last execution: Union of exclusive params before and now across all output: before: <nothing exclusive> now: 'pre-processing/normalize.R' 


mkdir -p output/pre-processing/
echo  data/mixes_test_dataset.rds data/reference_pdac.rds output/pre-processing/mixes_test_dataset_normalize.gz
touch output/pre-processing/mixes_test_dataset_normalize.gz

[Wed Feb 12 16:50:55 2025]
Finished job 2.
1 of 21 steps (5%) done
[Wed Feb 12 16:50:55 2025]
Finished job 1.
2 of 21 steps (10%) done
Select jobs to execute...
Execute 2 jobs...

[Wed Feb 12 16:50:55 2025]
Job 4: -- Processing features selections Block -- 
Reason: Input files updated by another job: output/pre-processing/reference_pdac_normalize.gz


mkdir -p output/features_selection/
echo  output/pre-processing/reference_pdac_normalize.gz output/feature_selection/reference_pdac_normalize_fs.gz feature_selection/fs.R
touch output/feature_selection/reference_pdac_normalize_fs.gz


[Wed Feb 12 16:50:55 2025]
Job 3: -- Processing features selections Block -- 
Reason: Input files updated by another job: output/pre-processing/mixes_test_dataset_normalize.gz


mkdir -p output/features_selection/
echo  output/pre-processing/mixes_test_dataset_normalize.gz output/feature_selection/mixes_test_dataset_normalize_fs.gz feature_selection/fs.R
touch output/feature_selection/mixes_test_dataset_normalize_fs.gz

[Wed Feb 12 16:50:55 2025]
Finished job 4.
3 of 21 steps (14%) done
Select jobs to execute...
Execute 3 jobs...

[Wed Feb 12 16:50:55 2025]
Job 12: -- Processing splitted decovolution Block, Pipeline A -- 
Reason: Input files updated by another job: output/feature_selection/reference_pdac_normalize_fs.gz


mkdir -p output/split_decovolution/
echo  output/feature_selection/reference_pdac_normalize_fs.gz output/split_decovolution/reference_pdac_normalize_fs_split_rna-lm_met-lm.gz
touch output/split_decovolution/reference_pdac_normalize_fs_split_rna-lm_met-lm.gz


[Wed Feb 12 16:50:55 2025]
Job 11: -- Processing splitted decovolution Block, Pipeline A -- 
Reason: Input files updated by another job: output/feature_selection/reference_pdac_normalize_fs.gz


mkdir -p output/split_decovolution/
echo  output/feature_selection/reference_pdac_normalize_fs.gz output/split_decovolution/reference_pdac_normalize_fs_split_rna-lm_met-nnls.gz
touch output/split_decovolution/reference_pdac_normalize_fs_split_rna-lm_met-nnls.gz


[Wed Feb 12 16:50:55 2025]
Job 10: -- Processing splitted decovolution Block, Pipeline A -- 
Reason: Input files updated by another job: output/feature_selection/reference_pdac_normalize_fs.gz


mkdir -p output/split_decovolution/
echo  output/feature_selection/reference_pdac_normalize_fs.gz output/split_decovolution/reference_pdac_normalize_fs_split_rna-nnls_met-lm.gz
touch output/split_decovolution/reference_pdac_normalize_fs_split_rna-nnls_met-lm.gz

[Wed Feb 12 16:50:55 2025]
Finished job 3.
4 of 21 steps (19%) done
Select jobs to execute...
Execute 1 jobs...

[Wed Feb 12 16:50:55 2025]
Job 7: -- Processing splitted decovolution Block, Pipeline A -- 
Reason: Input files updated by another job: output/feature_selection/mixes_test_dataset_normalize_fs.gz


mkdir -p output/split_decovolution/
echo  output/feature_selection/mixes_test_dataset_normalize_fs.gz output/split_decovolution/mixes_test_dataset_normalize_fs_split_rna-lm_met-nnls.gz
touch output/split_decovolution/mixes_test_dataset_normalize_fs_split_rna-lm_met-nnls.gz

[Wed Feb 12 16:50:55 2025]
Finished job 12.
5 of 21 steps (24%) done
[Wed Feb 12 16:50:55 2025]
Finished job 11.
6 of 21 steps (29%) done
[Wed Feb 12 16:50:55 2025]
Finished job 10.
7 of 21 steps (33%) done
Select jobs to execute...
Execute 3 jobs...

[Wed Feb 12 16:50:55 2025]
Job 9: -- Processing splitted decovolution Block, Pipeline A -- 
Reason: Input files updated by another job: output/feature_selection/reference_pdac_normalize_fs.gz


mkdir -p output/split_decovolution/
echo  output/feature_selection/reference_pdac_normalize_fs.gz output/split_decovolution/reference_pdac_normalize_fs_split_rna-nnls_met-nnls.gz
touch output/split_decovolution/reference_pdac_normalize_fs_split_rna-nnls_met-nnls.gz


[Wed Feb 12 16:50:55 2025]
Job 6: -- Processing splitted decovolution Block, Pipeline A -- 
Reason: Input files updated by another job: output/feature_selection/mixes_test_dataset_normalize_fs.gz


mkdir -p output/split_decovolution/
echo  output/feature_selection/mixes_test_dataset_normalize_fs.gz output/split_decovolution/mixes_test_dataset_normalize_fs_split_rna-nnls_met-lm.gz
touch output/split_decovolution/mixes_test_dataset_normalize_fs_split_rna-nnls_met-lm.gz


[Wed Feb 12 16:50:55 2025]
Job 19: -- Processing splitted decovolution late ingration Block, Pipeline A -- 
Reason: Input files updated by another job: output/split_decovolution/reference_pdac_normalize_fs_split_rna-lm_met-nnls.gz


mkdir -p output/prediction/
echo  output/split_decovolution/reference_pdac_normalize_fs_split_rna-lm_met-nnls.gz output/prediction/reference_pdac_normalize_fs_split_rna-lm_met-nnls_avg.gz
touch output/prediction/reference_pdac_normalize_fs_split_rna-lm_met-nnls_avg.gz

[Wed Feb 12 16:50:55 2025]
Finished job 7.
8 of 21 steps (38%) done
[Wed Feb 12 16:50:55 2025]
Finished job 9.
9 of 21 steps (43%) done
Select jobs to execute...
Execute 2 jobs...

[Wed Feb 12 16:50:55 2025]
Job 15: -- Processing splitted decovolution late ingration Block, Pipeline A -- 
Reason: Input files updated by another job: output/split_decovolution/mixes_test_dataset_normalize_fs_split_rna-lm_met-nnls.gz


mkdir -p output/prediction/
echo  output/split_decovolution/mixes_test_dataset_normalize_fs_split_rna-lm_met-nnls.gz output/prediction/mixes_test_dataset_normalize_fs_split_rna-lm_met-nnls_avg.gz
touch output/prediction/mixes_test_dataset_normalize_fs_split_rna-lm_met-nnls_avg.gz


[Wed Feb 12 16:50:56 2025]
Job 17: -- Processing splitted decovolution late ingration Block, Pipeline A -- 
Reason: Input files updated by another job: output/split_decovolution/reference_pdac_normalize_fs_split_rna-nnls_met-nnls.gz


mkdir -p output/prediction/
echo  output/split_decovolution/reference_pdac_normalize_fs_split_rna-nnls_met-nnls.gz output/prediction/reference_pdac_normalize_fs_split_rna-nnls_met-nnls_avg.gz
touch output/prediction/reference_pdac_normalize_fs_split_rna-nnls_met-nnls_avg.gz

[Wed Feb 12 16:50:56 2025]
Finished job 6.
10 of 21 steps (48%) done
[Wed Feb 12 16:50:56 2025]
Finished job 19.
11 of 21 steps (52%) done
Select jobs to execute...
Execute 2 jobs...

[Wed Feb 12 16:50:56 2025]
Job 18: -- Processing splitted decovolution late ingration Block, Pipeline A -- 
Reason: Input files updated by another job: output/split_decovolution/reference_pdac_normalize_fs_split_rna-nnls_met-lm.gz


mkdir -p output/prediction/
echo  output/split_decovolution/reference_pdac_normalize_fs_split_rna-nnls_met-lm.gz output/prediction/reference_pdac_normalize_fs_split_rna-nnls_met-lm_avg.gz
touch output/prediction/reference_pdac_normalize_fs_split_rna-nnls_met-lm_avg.gz


[Wed Feb 12 16:50:56 2025]
Job 5: -- Processing splitted decovolution Block, Pipeline A -- 
Reason: Input files updated by another job: output/feature_selection/mixes_test_dataset_normalize_fs.gz


mkdir -p output/split_decovolution/
echo  output/feature_selection/mixes_test_dataset_normalize_fs.gz output/split_decovolution/mixes_test_dataset_normalize_fs_split_rna-nnls_met-nnls.gz
touch output/split_decovolution/mixes_test_dataset_normalize_fs_split_rna-nnls_met-nnls.gz

[Wed Feb 12 16:50:56 2025]
Finished job 15.
12 of 21 steps (57%) done
[Wed Feb 12 16:50:56 2025]
Finished job 17.
13 of 21 steps (62%) done
Select jobs to execute...
Execute 2 jobs...

[Wed Feb 12 16:50:56 2025]
Job 8: -- Processing splitted decovolution Block, Pipeline A -- 
Reason: Input files updated by another job: output/feature_selection/mixes_test_dataset_normalize_fs.gz


mkdir -p output/split_decovolution/
echo  output/feature_selection/mixes_test_dataset_normalize_fs.gz output/split_decovolution/mixes_test_dataset_normalize_fs_split_rna-lm_met-lm.gz
touch output/split_decovolution/mixes_test_dataset_normalize_fs_split_rna-lm_met-lm.gz


[Wed Feb 12 16:50:56 2025]
Job 14: -- Processing splitted decovolution late ingration Block, Pipeline A -- 
Reason: Input files updated by another job: output/split_decovolution/mixes_test_dataset_normalize_fs_split_rna-nnls_met-lm.gz


mkdir -p output/prediction/
echo  output/split_decovolution/mixes_test_dataset_normalize_fs_split_rna-nnls_met-lm.gz output/prediction/mixes_test_dataset_normalize_fs_split_rna-nnls_met-lm_avg.gz
touch output/prediction/mixes_test_dataset_normalize_fs_split_rna-nnls_met-lm_avg.gz

[Wed Feb 12 16:50:56 2025]
Finished job 18.
14 of 21 steps (67%) done
[Wed Feb 12 16:50:56 2025]
Finished job 5.
15 of 21 steps (71%) done
Select jobs to execute...
Execute 2 jobs...

[Wed Feb 12 16:50:56 2025]
Job 13: -- Processing splitted decovolution late ingration Block, Pipeline A -- 
Reason: Input files updated by another job: output/split_decovolution/mixes_test_dataset_normalize_fs_split_rna-nnls_met-nnls.gz


mkdir -p output/prediction/
echo  output/split_decovolution/mixes_test_dataset_normalize_fs_split_rna-nnls_met-nnls.gz output/prediction/mixes_test_dataset_normalize_fs_split_rna-nnls_met-nnls_avg.gz
touch output/prediction/mixes_test_dataset_normalize_fs_split_rna-nnls_met-nnls_avg.gz


[Wed Feb 12 16:50:56 2025]
Job 20: -- Processing splitted decovolution late ingration Block, Pipeline A -- 
Reason: Input files updated by another job: output/split_decovolution/reference_pdac_normalize_fs_split_rna-lm_met-lm.gz


mkdir -p output/prediction/
echo  output/split_decovolution/reference_pdac_normalize_fs_split_rna-lm_met-lm.gz output/prediction/reference_pdac_normalize_fs_split_rna-lm_met-lm_avg.gz
touch output/prediction/reference_pdac_normalize_fs_split_rna-lm_met-lm_avg.gz

[Wed Feb 12 16:50:56 2025]
Finished job 8.
16 of 21 steps (76%) done
[Wed Feb 12 16:50:56 2025]
Finished job 14.
17 of 21 steps (81%) done
Select jobs to execute...
Execute 1 jobs...

[Wed Feb 12 16:50:56 2025]
Job 16: -- Processing splitted decovolution late ingration Block, Pipeline A -- 
Reason: Input files updated by another job: output/split_decovolution/mixes_test_dataset_normalize_fs_split_rna-lm_met-lm.gz


mkdir -p output/prediction/
echo  output/split_decovolution/mixes_test_dataset_normalize_fs_split_rna-lm_met-lm.gz output/prediction/mixes_test_dataset_normalize_fs_split_rna-lm_met-lm_avg.gz
touch output/prediction/mixes_test_dataset_normalize_fs_split_rna-lm_met-lm_avg.gz

[Wed Feb 12 16:50:56 2025]
Finished job 13.
18 of 21 steps (86%) done
[Wed Feb 12 16:50:56 2025]
Finished job 20.
19 of 21 steps (90%) done
[Wed Feb 12 16:50:56 2025]
Finished job 16.
20 of 21 steps (95%) done
Select jobs to execute...
Execute 1 jobs...

[Wed Feb 12 16:50:56 2025]
localrule all:
    input: data/mixes_test_dataset.rds, data/reference_pdac.rds, output/pre-processing/mixes_test_dataset_normalize.gz, output/pre-processing/reference_pdac_normalize.gz, output/feature_selection/mixes_test_dataset_normalize_fs.gz, output/feature_selection/reference_pdac_normalize_fs.gz, output/split_decovolution/mixes_test_dataset_normalize_fs_split_rna-nnls_met-nnls.gz, output/split_decovolution/mixes_test_dataset_normalize_fs_split_rna-nnls_met-lm.gz, output/split_decovolution/mixes_test_dataset_normalize_fs_split_rna-lm_met-nnls.gz, output/split_decovolution/mixes_test_dataset_normalize_fs_split_rna-lm_met-lm.gz, output/split_decovolution/reference_pdac_normalize_fs_split_rna-nnls_met-nnls.gz, output/split_decovolution/reference_pdac_normalize_fs_split_rna-nnls_met-lm.gz, output/split_decovolution/reference_pdac_normalize_fs_split_rna-lm_met-nnls.gz, output/split_decovolution/reference_pdac_normalize_fs_split_rna-lm_met-lm.gz, output/prediction/mixes_test_dataset_normalize_fs_split_rna-nnls_met-nnls_avg.gz, output/prediction/mixes_test_dataset_normalize_fs_split_rna-nnls_met-lm_avg.gz, output/prediction/mixes_test_dataset_normalize_fs_split_rna-lm_met-nnls_avg.gz, output/prediction/mixes_test_dataset_normalize_fs_split_rna-lm_met-lm_avg.gz, output/prediction/reference_pdac_normalize_fs_split_rna-nnls_met-nnls_avg.gz, output/prediction/reference_pdac_normalize_fs_split_rna-nnls_met-lm_avg.gz, output/prediction/reference_pdac_normalize_fs_split_rna-lm_met-nnls_avg.gz, output/prediction/reference_pdac_normalize_fs_split_rna-lm_met-lm_avg.gz
    jobid: 0
    reason: Input files updated by another job: output/split_decovolution/mixes_test_dataset_normalize_fs_split_rna-lm_met-lm.gz, output/split_decovolution/reference_pdac_normalize_fs_split_rna-nnls_met-lm.gz, output/feature_selection/mixes_test_dataset_normalize_fs.gz, output/prediction/mixes_test_dataset_normalize_fs_split_rna-lm_met-lm_avg.gz, output/split_decovolution/mixes_test_dataset_normalize_fs_split_rna-nnls_met-lm.gz, output/split_decovolution/mixes_test_dataset_normalize_fs_split_rna-lm_met-nnls.gz, output/split_decovolution/reference_pdac_normalize_fs_split_rna-lm_met-lm.gz, output/split_decovolution/reference_pdac_normalize_fs_split_rna-nnls_met-nnls.gz, output/split_decovolution/mixes_test_dataset_normalize_fs_split_rna-nnls_met-nnls.gz, output/prediction/reference_pdac_normalize_fs_split_rna-nnls_met-lm_avg.gz, output/prediction/mixes_test_dataset_normalize_fs_split_rna-nnls_met-nnls_avg.gz, output/pre-processing/reference_pdac_normalize.gz, output/pre-processing/mixes_test_dataset_normalize.gz, output/prediction/reference_pdac_normalize_fs_split_rna-nnls_met-nnls_avg.gz, output/prediction/reference_pdac_normalize_fs_split_rna-lm_met-lm_avg.gz, output/feature_selection/reference_pdac_normalize_fs.gz, output/split_decovolution/reference_pdac_normalize_fs_split_rna-lm_met-nnls.gz, output/prediction/mixes_test_dataset_normalize_fs_split_rna-lm_met-nnls_avg.gz, output/prediction/mixes_test_dataset_normalize_fs_split_rna-nnls_met-lm_avg.gz, output/prediction/reference_pdac_normalize_fs_split_rna-lm_met-nnls_avg.gz
    resources: tmpdir=/tmp

[Wed Feb 12 16:50:56 2025]
Finished job 0.
21 of 21 steps (100%) done
Complete log: .snakemake/log/2025-02-12T165055.483480.snakemake.log
