host: gricad-nh
Building DAG of jobs...
Using shell: /usr/bin/bash
Provided cores: 4
Rules claiming more threads will be scaled down.
Job stats:
job                              count
-----------------------------  -------
all                                  1
features_selection                   2
late_integration                     8
pre_processing                       1
prediction_split_decovolution        8
total                               20

Select jobs to execute...
Execute 2 jobs...

[Wed Feb 12 15:00:12 2025]
Job 2: -- Processing Pre processing Block -- 
Reason: Missing output files: output/pre-processing/reference_pdac_normalize.gz


mkdir -p output/pre-processing/
echo  data/reference_pdac.rds output/pre-processing/reference_pdac_normalize.gz
touch output/pre-processing/reference_pdac_normalize.gz


[Wed Feb 12 15:00:12 2025]
Job 3: -- Processing features selections Block -- 
Reason: Code has changed since last execution; Params have changed since last execution: Union of exclusive params before and now across all output: before: <nothing exclusive> now: 'R' 


mkdir -p output/features_selection/
echo  output/pre-processing/mixes_test_dataset_normalize.gz output/feature_selection/mixes_test_dataset_normalize_fs.gz <function script at 0x7c3062ce7a60>
touch output/feature_selection/mixes_test_dataset_normalize_fs.gz

[Wed Feb 12 15:00:12 2025]
Finished job 2.
1 of 20 steps (5%) done
Select jobs to execute...
Execute 1 jobs...

[Wed Feb 12 15:00:12 2025]
Job 4: -- Processing features selections Block -- 
Reason: Missing output files: output/feature_selection/reference_pdac_normalize_fs.gz; Input files updated by another job: output/pre-processing/reference_pdac_normalize.gz


mkdir -p output/features_selection/
echo  output/pre-processing/reference_pdac_normalize.gz output/feature_selection/reference_pdac_normalize_fs.gz <function script at 0x7c3062ce7a60>
touch output/feature_selection/reference_pdac_normalize_fs.gz

[Wed Feb 12 15:00:12 2025]
Error in rule features_selection:
    jobid: 3
    input: output/pre-processing/mixes_test_dataset_normalize.gz
    output: output/feature_selection/mixes_test_dataset_normalize_fs.gz
    shell:
        
mkdir -p output/features_selection/
echo  output/pre-processing/mixes_test_dataset_normalize.gz output/feature_selection/mixes_test_dataset_normalize_fs.gz <function script at 0x7c3062ce7a60>
touch output/feature_selection/mixes_test_dataset_normalize_fs.gz

        (one of the commands exited with non-zero exit code; note that snakemake uses bash strict mode!)

[Wed Feb 12 15:00:12 2025]
Error in rule features_selection:
    jobid: 4
    input: output/pre-processing/reference_pdac_normalize.gz
    output: output/feature_selection/reference_pdac_normalize_fs.gz
    shell:
        
mkdir -p output/features_selection/
echo  output/pre-processing/reference_pdac_normalize.gz output/feature_selection/reference_pdac_normalize_fs.gz <function script at 0x7c3062ce7a60>
touch output/feature_selection/reference_pdac_normalize_fs.gz

        (one of the commands exited with non-zero exit code; note that snakemake uses bash strict mode!)

Shutting down, this might take some time.
Exiting because a job execution failed. Look above for error message
Complete log: .snakemake/log/2025-02-12T150011.686755.snakemake.log
WorkflowError:
At least one job did not complete successfully.
