host: gricad-nh
Building DAG of jobs...
Using shell: /usr/bin/bash
Provided cores: 4
Rules claiming more threads will be scaled down.
Job stats:
job                   count
------------------  -------
all                       1
features_selection        1
total                     2

Select jobs to execute...
Execute 1 jobs...

[Wed Feb 12 17:46:58 2025]
Job 2: -- Processing features selections Block -- 
Reason: Missing output files: output/feature_selection/mixes_test_dataset_normalize_fs.rds; Code has changed since last execution


mkdir -p output/features_selection/
RCODE="input_file='output/pre-processing/mixes_test_dataset_normalize.rds';   output_file='output/feature_selection/mixes_test_dataset_normalize_fs.rds'; script_file='feature_selection/fs.R';  source('middle_man.R');"
echo $RCODE | Rscript -

[Wed Feb 12 17:46:59 2025]
Error in rule features_selection:
    jobid: 2
    input: output/pre-processing/mixes_test_dataset_normalize.rds
    output: output/feature_selection/mixes_test_dataset_normalize_fs.rds
    shell:
        
mkdir -p output/features_selection/
RCODE="input_file='output/pre-processing/mixes_test_dataset_normalize.rds';   output_file='output/feature_selection/mixes_test_dataset_normalize_fs.rds'; script_file='feature_selection/fs.R';  source('middle_man.R');"
echo $RCODE | Rscript -

        (one of the commands exited with non-zero exit code; note that snakemake uses bash strict mode!)

Shutting down, this might take some time.
Exiting because a job execution failed. Look above for error message
Complete log: .snakemake/log/2025-02-12T174658.028698.snakemake.log
WorkflowError:
At least one job did not complete successfully.
