host: gricad-nh
Building DAG of jobs...
Using shell: /usr/bin/bash
Provided cores: 4
Rules claiming more threads will be scaled down.
Job stats:
job         count
--------  -------
all             1
gen_data        1
total           2

Select jobs to execute...
Execute 1 jobs...

[Tue Feb 11 16:33:37 2025]
Job 2: -- generation of datas -- 
Reason: Missing output files: data/ref.gz


python 01_data_TODO.py data/ref.rds data/ref.gz

[Tue Feb 11 16:33:37 2025]
Finished job 2.
1 of 2 steps (50%) done
Select jobs to execute...
Execute 1 jobs...

[Tue Feb 11 16:33:37 2025]
localrule all:
    input: data/test_dataset.gz, data/ref.gz
    jobid: 0
    reason: Input files updated by another job: data/ref.gz
    resources: tmpdir=/tmp

[Tue Feb 11 16:33:37 2025]
Finished job 0.
2 of 2 steps (100%) done
Complete log: .snakemake/log/2025-02-11T163337.463735.snakemake.log
