host: gricad-nh
Building DAG of jobs...
Using shell: /usr/bin/bash
Provided cores: 4
Rules claiming more threads will be scaled down.
Job stats:
job      count
-----  -------
clean        1
total        1

Select jobs to execute...
Execute 1 jobs...

[Wed Feb 12 17:39:53 2025]
localrule clean:
    jobid: 0
    reason: Rules with neither input nor output files are always executed.
    resources: tmpdir=/tmp


rm -rf output/

[Wed Feb 12 17:39:53 2025]
Finished job 0.
1 of 1 steps (100%) done
Complete log: .snakemake/log/2025-02-12T173953.300786.snakemake.log
